16/01/06 10:13:01.265 SampleService application main entry point invoked...
Start parameter specified
16/01/06 10:13:01.265 Service start function invoked...
JVM Sun Microsystems Inc. Java HotSpot(TM) Server VM 1.4.2_10-b03
16/01/06 10:13:01.265 Heap Size 16256KB total, free 15915KB (used 340KB)
16/01/06 10:13:01.265 Creating singleton instance of SampleService object
16/01/06 10:13:01.265 Starting service execution
(Execution loop will exercise memory heap)
16/01/06 10:13:01.296 Heap Size 16256KB total, free 14920KB (used 1335KB)
16/01/06 10:13:02.390 Heap Size 16256KB total, free 15698KB (used 557KB)
16/01/06 10:13:03.437 Heap Size 16256KB total, free 14920KB (used 1335KB)
16/01/06 10:13:03.609 Service stop function invoked...
16/01/06 10:13:03.609 Aborting service execution
16/01/06 10:13:03.609 Heap Size 16256KB total, free 14917KB (used 1338KB)
16/01/06 10:13:04.437 Ended service execution
16/01/06 10:13:04.437 SampleService application main entry point completed.
16/01/06 10:46:18.78 SampleService application main entry point invoked...
Start parameter specified
16/01/06 10:46:18.78 Service start function invoked...
JVM Sun Microsystems Inc. Java HotSpot(TM) Server VM 1.4.2_10-b03
16/01/06 10:46:18.78 Heap Size 16256KB total, free 15916KB (used 339KB)
16/01/06 10:46:18.78 Creating singleton instance of SampleService object
16/01/06 10:46:18.78 Starting service execution
(Execution loop will exercise memory heap)
16/01/06 10:46:18.140 Heap Size 16256KB total, free 14920KB (used 1335KB)
16/01/06 10:46:19.218 Heap Size 16256KB total, free 15698KB (used 557KB)
16/01/06 10:46:20.265 Heap Size 16256KB total, free 14920KB (used 1335KB)
16/01/06 10:46:21.312 Heap Size 16256KB total, free 15698KB (used 557KB)
16/01/06 10:46:21.687 Service stop function invoked...
16/01/06 10:46:21.687 Aborting service execution
16/01/06 10:46:21.687 Heap Size 16256KB total, free 15696KB (used 559KB)
16/01/06 10:46:22.312 Ended service execution
16/01/06 10:46:22.312 SampleService application main entry point completed.
16/01/06 10:48:00.218 SampleService application main entry point invoked...
Start parameter specified
16/01/06 10:48:00.218 Service start function invoked...
JVM Sun Microsystems Inc. Java HotSpot(TM) Server VM 1.4.2_10-b03
16/01/06 10:48:00.218 Heap Size 1984KB total, free 1643KB (used 340KB)
16/01/06 10:48:00.218 Creating singleton instance of SampleService object
16/01/06 10:48:00.218 Starting service execution
(Execution loop will exercise memory heap)
16/01/06 10:48:00.265 Heap Size 1984KB total, free 1209KB (used 774KB)
16/01/06 10:48:01.375 Heap Size 1984KB total, free 1209KB (used 774KB)
16/01/06 10:48:02.453 Heap Size 1984KB total, free 1209KB (used 774KB)
16/01/06 10:48:03.531 Heap Size 1984KB total, free 1209KB (used 774KB)
16/01/06 10:48:04.609 Heap Size 1984KB total, free 1209KB (used 774KB)
16/01/06 10:49:04.625 SampleService application main entry point invoked...
Start parameter specified
16/01/06 10:49:04.625 Service start function invoked...
JVM Sun Microsystems Inc. Java HotSpot(TM) Server VM 1.4.2_10-b03
16/01/06 10:49:04.625 Heap Size 1984KB total, free 1643KB (used 340KB)
16/01/06 10:49:04.625 Creating singleton instance of SampleService object
16/01/06 10:49:04.625 Starting service execution
(Execution loop will exercise memory heap)
16/01/06 10:49:04.671 Heap Size 1984KB total, free 1209KB (used 774KB)
16/01/06 10:49:05.781 Heap Size 1984KB total, free 1209KB (used 774KB)
16/01/06 10:49:06.875 Heap Size 1984KB total, free 1209KB (used 774KB)
16/01/06 10:49:07.953 Heap Size 1984KB total, free 1209KB (used 774KB)
16/01/06 10:49:09.31 Heap Size 1984KB total, free 1209KB (used 774KB)
16/01/06 10:49:10.109 Heap Size 1984KB total, free 1209KB (used 774KB)
16/01/06 10:49:11.187 Heap Size 1984KB total, free 1209KB (used 774KB)
16/01/06 10:49:12.265 Heap Size 1984KB total, free 1209KB (used 774KB)
16/01/06 10:49:13.343 Heap Size 1984KB total, free 1209KB (used 774KB)
16/01/06 10:49:14.421 Heap Size 1984KB total, free 1209KB (used 774KB)
16/01/06 10:49:15.515 Heap Size 1984KB total, free 1209KB (used 774KB)
16/01/06 10:53:36.843 SampleService application main entry point invoked...
Start parameter specified
16/01/06 10:53:36.843 Service start function invoked...
JVM Sun Microsystems Inc. Java HotSpot(TM) Server VM 1.4.2_10-b03
16/01/06 10:53:36.843 Heap Size 1984KB total, free 1643KB (used 340KB)
16/01/06 10:53:36.843 Creating singleton instance of SampleService object
16/01/06 10:53:36.843 Starting service execution
(Execution loop will exercise memory heap)
16/01/06 10:53:36.890 Heap Size 1984KB total, free 1209KB (used 774KB)
16/01/06 10:53:38.15 Heap Size 1984KB total, free 1209KB (used 774KB)
16/01/06 10:53:39.93 Heap Size 1984KB total, free 1209KB (used 774KB)
16/01/06 10:53:40.171 Heap Size 1984KB total, free 1209KB (used 774KB)
16/01/06 10:53:41.250 Heap Size 1984KB total, free 1209KB (used 774KB)
16/01/06 10:53:42.328 Heap Size 1984KB total, free 1209KB (used 774KB)
16/01/06 10:53:43.406 Heap Size 1984KB total, free 1209KB (used 774KB)
16/01/06 11:05:27.500 SampleService application main entry point invoked...
Start parameter specified
16/01/06 11:05:27.500 Service start function invoked...
JVM Sun Microsystems Inc. Java HotSpot(TM) Server VM 1.4.2_10-b03
16/01/06 11:05:27.500 Heap Size 1984KB total, free 1643KB (used 340KB)
16/01/06 11:05:27.500 Creating singleton instance of SampleService object
16/01/06 11:05:27.500 Starting service execution
(Execution loop will exercise memory heap)
16/01/06 11:05:27.546 Heap Size 1984KB total, free 1209KB (used 774KB)
16/01/06 11:05:28.656 Heap Size 1984KB total, free 1209KB (used 774KB)
16/01/06 11:05:29.734 Heap Size 1984KB total, free 1209KB (used 774KB)
16/01/06 11:05:30.812 Heap Size 1984KB total, free 1209KB (used 774KB)
16/01/06 11:05:31.890 Heap Size 1984KB total, free 1209KB (used 774KB)
16/01/06 11:05:32.968 Heap Size 1984KB total, free 1209KB (used 774KB)
